<?xml version="1.0" encoding="UTF-8"?>
<testsuite name="com.thoughtworks.boot.RectangleTest" tests="1" skipped="0" failures="0" errors="0" timestamp="2019-08-30T09:25:56" hostname="Sushants-MacBook-Pro.local" time="0.007">
  <properties/>
  <testcase name="givenLengthAndWidthValueBeZero_whenCalculate_ReturnZero()" classname="com.thoughtworks.boot.RectangleTest" time="0.007"/>
  <system-out><![CDATA[]]></system-out>
  <system-err><![CDATA[]]></system-err>
</testsuite>
